<?xml version="1.0" encoding="UTF-8"?>
<!-- Generated by org.testng.reporters.JUnitXMLReporter -->
<testsuite hostname="EPBYMINW2454" name="Simple Test Suite" tests="1" failures="1" timestamp="1 Jun 2016 12:19:51 GMT" time="79.213" errors="0">
  <testcase name="testGoogleLogin" time="71.27" classname="first_pack.GmailTest">
    <failure type="java.lang.AssertionError" message="expected [true] but found [false]">
      <![CDATA[java.lang.AssertionError: expected [true] but found [false]
	at first_pack.GmailTest.testGoogleLogin(GmailTest.java:44)
	at com.intellij.rt.execution.application.AppMain.main(AppMain.java:144)
... Removed 31 stack frames]]>
    </failure>
  </testcase> <!-- testGoogleLogin -->
</testsuite> <!-- Simple Test Suite -->
